obj/Debug/netstandard2.1/KPSL.Collacteral.Client.dll
/Users/sunny-dev/.nuget/packages/microsoft.aspnetcore.blazor.httpclient/3.2.0-preview2.20160.5/lib/netstandard2.0/Microsoft.AspNetCore.Blazor.HttpClient.dll
/Users/sunny-dev/.nuget/packages/system.text.json/4.7.1/lib/netstandard2.0/System.Text.Json.dll
/Users/sunny-dev/.nuget/packages/microsoft.aspnetcore.components.webassembly.runtime/3.2.0-preview2.20159.2/build/netstandard1.0/../../tools/dotnetwasm/bcl/System.Runtime.CompilerServices.Unsafe.dll
/Users/sunny-dev/.nuget/packages/microsoft.aspnetcore.components.webassembly.runtime/3.2.0-preview2.20159.2/build/netstandard1.0/../../tools/dotnetwasm/bcl/mscorlib.dll
/Users/sunny-dev/.nuget/packages/microsoft.aspnetcore.components.webassembly.runtime/3.2.0-preview2.20159.2/build/netstandard1.0/../../tools/dotnetwasm/bcl/Facades/System.Buffers.dll
/Users/sunny-dev/.nuget/packages/microsoft.bcl.asyncinterfaces/1.1.0/lib/netstandard2.1/Microsoft.Bcl.AsyncInterfaces.dll
/Users/sunny-dev/.nuget/packages/microsoft.aspnetcore.components.webassembly.runtime/3.2.0-preview2.20159.2/build/netstandard1.0/../../tools/dotnetwasm/bcl/Facades/netstandard.dll
/Users/sunny-dev/.nuget/packages/microsoft.aspnetcore.components.webassembly.runtime/3.2.0-preview2.20159.2/build/netstandard1.0/../../tools/dotnetwasm/bcl/System.Xml.Linq.dll
/Users/sunny-dev/.nuget/packages/microsoft.aspnetcore.components.webassembly.runtime/3.2.0-preview2.20159.2/build/netstandard1.0/../../tools/dotnetwasm/bcl/System.Core.dll
/Users/sunny-dev/.nuget/packages/microsoft.aspnetcore.components.webassembly.runtime/3.2.0-preview2.20159.2/build/netstandard1.0/../../tools/dotnetwasm/bcl/System.dll
/Users/sunny-dev/.nuget/packages/microsoft.aspnetcore.components.webassembly.runtime/3.2.0-preview2.20159.2/build/netstandard1.0/../../tools/dotnetwasm/framework/WebAssembly.Net.WebSockets.dll
/Users/sunny-dev/.nuget/packages/microsoft.aspnetcore.components.webassembly.runtime/3.2.0-preview2.20159.2/build/netstandard1.0/../../tools/dotnetwasm/bcl/Facades/System.Memory.dll
/Users/sunny-dev/.nuget/packages/microsoft.aspnetcore.components.webassembly.runtime/3.2.0-preview2.20159.2/build/netstandard1.0/../../tools/dotnetwasm/framework/WebAssembly.Bindings.dll
/Users/sunny-dev/.nuget/packages/microsoft.aspnetcore.components.webassembly.runtime/3.2.0-preview2.20159.2/build/netstandard1.0/../../tools/dotnetwasm/bcl/System.Numerics.dll
/Users/sunny-dev/.nuget/packages/microsoft.aspnetcore.components.webassembly.runtime/3.2.0-preview2.20159.2/build/netstandard1.0/../../tools/dotnetwasm/bcl/System.Xml.dll
/Users/sunny-dev/.nuget/packages/microsoft.aspnetcore.components.webassembly.runtime/3.2.0-preview2.20159.2/build/netstandard1.0/../../tools/dotnetwasm/bcl/Mono.Security.dll
/Users/sunny-dev/.nuget/packages/microsoft.aspnetcore.components.webassembly.runtime/3.2.0-preview2.20159.2/build/netstandard1.0/../../tools/dotnetwasm/bcl/System.Transactions.dll
/Users/sunny-dev/.nuget/packages/microsoft.aspnetcore.components.webassembly.runtime/3.2.0-preview2.20159.2/build/netstandard1.0/../../tools/dotnetwasm/bcl/System.Runtime.Serialization.dll
/Users/sunny-dev/.nuget/packages/microsoft.aspnetcore.components.webassembly.runtime/3.2.0-preview2.20159.2/build/netstandard1.0/../../tools/dotnetwasm/bcl/System.ServiceModel.Internals.dll
/Users/sunny-dev/.nuget/packages/microsoft.aspnetcore.components.webassembly.runtime/3.2.0-preview2.20159.2/build/netstandard1.0/../../tools/dotnetwasm/bcl/System.Net.Http.dll
/Users/sunny-dev/.nuget/packages/microsoft.aspnetcore.components.webassembly.runtime/3.2.0-preview2.20159.2/build/netstandard1.0/../../tools/dotnetwasm/framework/WebAssembly.Net.Http.dll
/Users/sunny-dev/.nuget/packages/microsoft.aspnetcore.components.webassembly.runtime/3.2.0-preview2.20159.2/build/netstandard1.0/../../tools/dotnetwasm/bcl/System.ComponentModel.Composition.dll
/Users/sunny-dev/.nuget/packages/microsoft.aspnetcore.components.webassembly.runtime/3.2.0-preview2.20159.2/build/netstandard1.0/../../tools/dotnetwasm/bcl/System.IO.Compression.FileSystem.dll
/Users/sunny-dev/.nuget/packages/microsoft.aspnetcore.components.webassembly.runtime/3.2.0-preview2.20159.2/build/netstandard1.0/../../tools/dotnetwasm/bcl/System.IO.Compression.dll
/Users/sunny-dev/.nuget/packages/microsoft.aspnetcore.components.webassembly.runtime/3.2.0-preview2.20159.2/build/netstandard1.0/../../tools/dotnetwasm/bcl/Facades/System.Drawing.Common.dll
/Users/sunny-dev/.nuget/packages/microsoft.aspnetcore.components.webassembly.runtime/3.2.0-preview2.20159.2/build/netstandard1.0/../../tools/dotnetwasm/bcl/System.Data.DataSetExtensions.dll
/Users/sunny-dev/.nuget/packages/microsoft.aspnetcore.components.webassembly.runtime/3.2.0-preview2.20159.2/build/netstandard1.0/../../tools/dotnetwasm/bcl/System.Data.dll
/Users/sunny-dev/.nuget/packages/microsoft.aspnetcore.components.webassembly.runtime/3.2.0-preview2.20159.2/build/netstandard1.0/../../tools/dotnetwasm/bcl/Facades/System.Threading.Tasks.Extensions.dll
/Users/sunny-dev/.nuget/packages/microsoft.aspnetcore.components.webassembly.runtime/3.2.0-preview2.20159.2/build/netstandard1.0/../../tools/dotnetwasm/bcl/System.Numerics.Vectors.dll
/Users/sunny-dev/.nuget/packages/system.text.encodings.web/4.7.0/lib/netstandard2.1/System.Text.Encodings.Web.dll
/Users/sunny-dev/.nuget/packages/microsoft.extensions.dependencyinjection.abstractions/3.1.2/lib/netstandard2.0/Microsoft.Extensions.DependencyInjection.Abstractions.dll
/Users/sunny-dev/.nuget/packages/microsoft.aspnetcore.components.web/3.1.2/lib/netstandard2.0/Microsoft.AspNetCore.Components.Web.dll
/Users/sunny-dev/.nuget/packages/microsoft.aspnetcore.components.forms/3.1.2/lib/netstandard2.0/Microsoft.AspNetCore.Components.Forms.dll
/Users/sunny-dev/.nuget/packages/microsoft.aspnetcore.components.webassembly.runtime/3.2.0-preview2.20159.2/build/netstandard1.0/../../tools/dotnetwasm/bcl/Facades/System.ComponentModel.Annotations.dll
/Users/sunny-dev/.nuget/packages/microsoft.aspnetcore.components.webassembly.runtime/3.2.0-preview2.20159.2/build/netstandard1.0/../../tools/dotnetwasm/bcl/System.ComponentModel.DataAnnotations.dll
/Users/sunny-dev/.nuget/packages/microsoft.aspnetcore.components/3.1.2/lib/netstandard2.0/Microsoft.AspNetCore.Components.dll
/Users/sunny-dev/.nuget/packages/microsoft.extensions.logging.abstractions/3.1.2/lib/netstandard2.0/Microsoft.Extensions.Logging.Abstractions.dll
/Users/Hachintosh-oldData/Users/sunny/test/KPSL.Collacteral/Shared/bin/Debug/netstandard2.1/KPSL.Collacteral.Shared.dll
/Users/sunny-dev/.nuget/packages/microsoft.aspnetcore.authorization/3.1.2/lib/netstandard2.0/Microsoft.AspNetCore.Authorization.dll
/Users/sunny-dev/.nuget/packages/microsoft.extensions.options/3.1.2/lib/netstandard2.0/Microsoft.Extensions.Options.dll
/Users/sunny-dev/.nuget/packages/microsoft.extensions.primitives/3.1.2/lib/netstandard2.0/Microsoft.Extensions.Primitives.dll
/Users/sunny-dev/.nuget/packages/microsoft.aspnetcore.metadata/3.1.2/lib/netstandard2.0/Microsoft.AspNetCore.Metadata.dll
/Users/sunny-dev/.nuget/packages/csla.blazor/5.1.0/lib/netstandard2.1/Csla.Blazor.dll
/Users/sunny-dev/.nuget/packages/microsoft.aspnetcore.components.authorization/3.1.1/lib/netstandard2.0/Microsoft.AspNetCore.Components.Authorization.dll
/Users/sunny-dev/.nuget/packages/microsoft.aspnetcore.blazor/3.2.0-preview1.20073.1/lib/netstandard2.1/Microsoft.AspNetCore.Blazor.dll
/Users/sunny-dev/.nuget/packages/microsoft.extensions.dependencyinjection/3.1.2/lib/netstandard2.1/Microsoft.Extensions.DependencyInjection.dll
/Users/sunny-dev/.nuget/packages/microsoft.extensions.configuration/3.1.2/lib/netstandard2.0/Microsoft.Extensions.Configuration.dll
/Users/sunny-dev/.nuget/packages/microsoft.extensions.configuration.abstractions/3.1.2/lib/netstandard2.0/Microsoft.Extensions.Configuration.Abstractions.dll
/Users/sunny-dev/.nuget/packages/mono.webassembly.interop/3.2.0-preview1.20073.1/lib/netstandard2.1/Mono.WebAssembly.Interop.dll
/Users/sunny-dev/.nuget/packages/microsoft.jsinterop/3.1.2/lib/netstandard2.0/Microsoft.JSInterop.dll
/Users/sunny-dev/.nuget/packages/csla/5.1.0/lib/netstandard2.0/Csla.dll
/Users/sunny-dev/.nuget/packages/microsoft.extensions.configuration.binder/3.1.1/lib/netstandard2.0/Microsoft.Extensions.Configuration.Binder.dll
/Users/sunny-dev/.nuget/packages/microsoft.aspnetcore.components.webassembly/3.2.0-preview2.20160.5/lib/netstandard2.1/Microsoft.AspNetCore.Components.WebAssembly.dll
/Users/sunny-dev/.nuget/packages/microsoft.jsinterop.webassembly/3.2.0-preview2.20160.5/lib/netstandard2.1/Microsoft.JSInterop.WebAssembly.dll
obj/Debug/netstandard2.1/KPSL.Collacteral.Client.pdb
/Users/Hachintosh-oldData/Users/sunny/test/KPSL.Collacteral/Shared/bin/Debug/netstandard2.1/KPSL.Collacteral.Shared.pdb
/Users/sunny-dev/.nuget/packages/csla.blazor/5.1.0/lib/netstandard2.1/Csla.Blazor.pdb
